[INFO ] [2020-03-13 14:04:49] (MainClass:60) - [loadLog4J idTx=2019093016240003][INICIO de metodo: loadLog4J]
[INFO ] [2020-03-13 14:04:49] (MainClass:61) - [loadLog4J idTx=2019093016240003][FIN de metodo: loadLog4J] Tiempo total de proceso(ms): 20 milisegundos
[INFO ] [2020-03-13 14:04:49] (MainClass:35) - [main idTx=2019093016240003][INICIO de metodo: main]
[INFO ] [2020-03-13 14:04:49] (MainClass:71) - [launch idTx=2019093016240003][INICIO de metodo: launch]
[INFO ] [2020-03-13 14:04:49] (MainServiceImpl:28) - [run idTx=2019093016240003][INICIO de metodo: run]
[INFO ] [2020-03-13 14:04:49] (EaiDaoImpl:41) - [run idTx=2019093016240003][ insertarBlackList ]Consultando BD TIMDEV
[INFO ] [2020-03-13 14:04:49] (EaiDaoImpl:50) - [run idTx=2019093016240003][ insertarBlackList ]Se invocara el SP: USREAIDESA.PKG_TITU_CLI_RECLAMOS.EAISU_BLACK_RECLAMOS
[INFO ] [2020-03-13 14:04:50] (EaiDaoImpl:57) - [run idTx=2019093016240003][ insertarBlackList ]Se invoco con exito el SP: USREAIDESA.PKG_TITU_CLI_RECLAMOS.EAISU_BLACK_RECLAMOS
[INFO ] [2020-03-13 14:04:50] (EaiDaoImpl:63) - [run idTx=2019093016240003][ insertarBlackList ]PARAMETROS [OUPUT]: 
[INFO ] [2020-03-13 14:04:50] (EaiDaoImpl:64) - [run idTx=2019093016240003][ insertarBlackList ]<?xml version="1.0" encoding="UTF-8" standalone="yes"?>
<ResponseBean>
    <codigoRespuesta>1</codigoRespuesta>
    <mensajeRespuesta>No hay datos para actualizar</mensajeRespuesta>
</ResponseBean>

[INFO ] [2020-03-13 14:04:50] (RegistroAuditoriaServiceWSClientImpl:36) - [run idTx=2019093016240003]==Inicio del metodo registroAuditoria
[INFO ] [2020-03-13 14:04:50] (RegistroAuditoriaServiceWSClientImpl:44) - [run idTx=2019093016240003]WSDL de servicio: http://172.19.74.206:8909/RegistroAuditoria/RegistroAuditoriaPortSB11?WSDL
[INFO ] [2020-03-13 14:04:50] (RegistroAuditoriaServiceWSClientImpl:45) - [run idTx=2019093016240003]TimeOut de servicio request: 5000
[INFO ] [2020-03-13 14:04:50] (RegistroAuditoriaServiceWSClientImpl:47) - [run idTx=2019093016240003]TimeOut de servicio connection: 5000
[INFO ] [2020-03-13 14:04:50] (RegistroAuditoriaServiceWSClientImpl:49) - [run idTx=2019093016240003]Metodo a ejecutar: registroAuditoria
[INFO ] [2020-03-13 14:04:50] (RegistroAuditoriaServiceWSClientImpl:50) - [run idTx=2019093016240003]Parametros entrada: auditRequest <?xml version="1.0" encoding="UTF-8" standalone="yes"?>
<AuditRequest xmlns:ns2="http://service.eai.auditoria.claro.com.pe/RegistroAuditoriaWS">
    <ns2:idTransaccion>2019093016240003</ns2:idTransaccion>
    <ns2:ipAplicacion>10.252.1.100</ns2:ipAplicacion>
    <ns2:aplicacion>COE_SOA</ns2:aplicacion>
    <ns2:usrAplicacion>COE_SOA</ns2:usrAplicacion>
</AuditRequest>

[INFO ] [2020-03-13 14:04:50] (RegistroAuditoriaServiceWSClientImpl:52) - [run idTx=2019093016240003]Parametros entrada: registroRequest <?xml version="1.0" encoding="UTF-8" standalone="yes"?>
<RegistroRequest xmlns:ns2="http://service.eai.auditoria.claro.com.pe/RegistroAuditoriaWS">
    <ns2:transaccion>2019093016240003</ns2:transaccion>
    <ns2:ipCliente>10.252.1.100</ns2:ipCliente>
    <ns2:nombreCliente>COE_SOA</ns2:nombreCliente>
    <ns2:cuentaUsuario>PRUEBA</ns2:cuentaUsuario>
    <ns2:telefono>3110011</ns2:telefono>
    <ns2:texto>Pruebas WS</ns2:texto>
</RegistroRequest>

[ERROR] [2020-03-13 14:04:50] (RegistroAuditoriaServiceWSClientImpl:65) - [run idTx=2019093016240003] Error invocando registroAuditoria : 
org.springframework.remoting.RemoteAccessException: Could not access remote service at [null]; nested exception is com.sun.xml.internal.ws.client.ClientTransportException: Error de transporte HTTP: java.net.UnknownHostException: limdeseaiv25.tim.com.pe
	at org.springframework.remoting.jaxws.JaxWsPortClientInterceptor.doInvoke(JaxWsPortClientInterceptor.java:504)
	at org.springframework.remoting.jaxws.JaxWsPortClientInterceptor.invoke(JaxWsPortClientInterceptor.java:481)
	at org.springframework.aop.framework.ReflectiveMethodInvocation.proceed(ReflectiveMethodInvocation.java:172)
	at org.springframework.aop.framework.JdkDynamicAopProxy.invoke(JdkDynamicAopProxy.java:202)
	at com.sun.proxy.$Proxy8.registroAuditoria(Unknown Source)
	at pe.com.claro.shell.plantillashell.proxy.RegistroAuditoriaServiceWSClientImpl.registroAuditoria(RegistroAuditoriaServiceWSClientImpl.java:55)
	at pe.com.claro.shell.plantillashell.service.MainServiceImpl.run(MainServiceImpl.java:51)
	at pe.com.claro.shell.plantillashell.MainClass.launch(MainClass.java:74)
	at pe.com.claro.shell.plantillashell.MainClass.main(MainClass.java:36)
Caused by: com.sun.xml.internal.ws.client.ClientTransportException: Error de transporte HTTP: java.net.UnknownHostException: limdeseaiv25.tim.com.pe
	at com.sun.xml.internal.ws.transport.http.client.HttpClientTransport.getOutput(HttpClientTransport.java:117)
	at com.sun.xml.internal.ws.transport.http.client.HttpTransportPipe.process(HttpTransportPipe.java:208)
	at com.sun.xml.internal.ws.transport.http.client.HttpTransportPipe.processRequest(HttpTransportPipe.java:130)
	at com.sun.xml.internal.ws.transport.DeferredTransportPipe.processRequest(DeferredTransportPipe.java:95)
	at com.sun.xml.internal.ws.api.pipe.Fiber.__doRun(Fiber.java:1121)
	at com.sun.xml.internal.ws.api.pipe.Fiber._doRun(Fiber.java:1035)
	at com.sun.xml.internal.ws.api.pipe.Fiber.doRun(Fiber.java:1004)
	at com.sun.xml.internal.ws.api.pipe.Fiber.runSync(Fiber.java:862)
	at com.sun.xml.internal.ws.client.Stub.process(Stub.java:448)
	at com.sun.xml.internal.ws.client.sei.SEIStub.doProcess(SEIStub.java:178)
	at com.sun.xml.internal.ws.client.sei.SyncMethodHandler.invoke(SyncMethodHandler.java:93)
	at com.sun.xml.internal.ws.client.sei.SyncMethodHandler.invoke(SyncMethodHandler.java:77)
	at com.sun.xml.internal.ws.client.sei.SEIStub.invoke(SEIStub.java:147)
	at com.sun.proxy.$Proxy37.registroAuditoria(Unknown Source)
	at sun.reflect.NativeMethodAccessorImpl.invoke0(Native Method)
	at sun.reflect.NativeMethodAccessorImpl.invoke(NativeMethodAccessorImpl.java:62)
	at sun.reflect.DelegatingMethodAccessorImpl.invoke(DelegatingMethodAccessorImpl.java:43)
	at java.lang.reflect.Method.invoke(Method.java:498)
	at org.springframework.remoting.jaxws.JaxWsPortClientInterceptor.doInvoke(JaxWsPortClientInterceptor.java:520)
	at org.springframework.remoting.jaxws.JaxWsPortClientInterceptor.doInvoke(JaxWsPortClientInterceptor.java:494)
	... 8 more
Caused by: java.net.UnknownHostException: limdeseaiv25.tim.com.pe
	at java.net.AbstractPlainSocketImpl.connect(AbstractPlainSocketImpl.java:184)
	at java.net.PlainSocketImpl.connect(PlainSocketImpl.java:172)
	at java.net.SocksSocketImpl.connect(SocksSocketImpl.java:392)
	at java.net.Socket.connect(Socket.java:606)
	at sun.net.NetworkClient.doConnect(NetworkClient.java:175)
	at sun.net.www.http.HttpClient.openServer(HttpClient.java:463)
	at sun.net.www.http.HttpClient.openServer(HttpClient.java:558)
	at sun.net.www.http.HttpClient.<init>(HttpClient.java:242)
	at sun.net.www.http.HttpClient.New(HttpClient.java:339)
	at sun.net.www.http.HttpClient.New(HttpClient.java:357)
	at sun.net.www.protocol.http.HttpURLConnection.getNewHttpClient(HttpURLConnection.java:1226)
	at sun.net.www.protocol.http.HttpURLConnection.plainConnect0(HttpURLConnection.java:1205)
	at sun.net.www.protocol.http.HttpURLConnection.plainConnect(HttpURLConnection.java:1056)
	at sun.net.www.protocol.http.HttpURLConnection.connect(HttpURLConnection.java:990)
	at sun.net.www.protocol.http.HttpURLConnection.getOutputStream0(HttpURLConnection.java:1340)
	at sun.net.www.protocol.http.HttpURLConnection.getOutputStream(HttpURLConnection.java:1315)
	at com.sun.xml.internal.ws.transport.http.client.HttpClientTransport.getOutput(HttpClientTransport.java:104)
	... 27 more
[INFO ] [2020-03-13 14:04:50] (RegistroAuditoriaServiceWSClientImpl:77) - [run idTx=2019093016240003]==Fin del metodo registroAuditoria
[INFO ] [2020-03-13 14:04:50] (RegistroAuditoriaServiceWSClientImpl:78) - [run idTx=2019093016240003]Tiempo TOTAL Proceso: [522 milisegundos ]
[ERROR] [2020-03-13 14:04:50] (MainServiceImpl:53) - [run idTx=2019093016240003]Error al consumir el WS
[ERROR] [2020-03-13 14:04:50] (MainServiceImpl:54) - [run idTx=2019093016240003]Codigo: -2
[ERROR] [2020-03-13 14:04:50] (MainServiceImpl:55) - [run idTx=2019093016240003]Mensaje: Tiempo de espera superado para [RegistroAuditoria - registroAuditoria]
[INFO ] [2020-03-13 14:04:50] (MainServiceImpl:58) - [run idTx=2019093016240003][FIN de metodo: run] Tiempo total de proceso(ms): 1612 milisegundos.
[INFO ] [2020-03-13 14:04:50] (MainClass:79) - [launch idTx=2019093016240003][FIN de metodo: launch] Tiempo total de proceso(ms): 1612 milisegundos
[INFO ] [2020-03-13 14:04:50] (MainClass:44) - [main idTx=2019093016240003][FIN de metodo: main] Tiempo total de proceso(ms): 2288 milisegundos
[INFO ] [2020-03-13 14:04:50] (ClassPathXmlApplicationContext:1020) - Closing org.springframework.context.support.ClassPathXmlApplicationContext@22d8cfe0: startup date [Fri Mar 13 14:04:48 COT 2020]; root of context hierarchy
[INFO ] [2020-03-13 14:04:50] (DefaultListableBeanFactory:433) - Destroying singletons in org.springframework.beans.factory.support.DefaultListableBeanFactory@59f99ea: defining beans [org.springframework.context.annotation.internalConfigurationAnnotationProcessor,org.springframework.context.annotation.internalAutowiredAnnotationProcessor,org.springframework.context.annotation.internalRequiredAnnotationProcessor,org.springframework.context.annotation.internalCommonAnnotationProcessor,eaiDaoImpl,mainClass,registroAuditoriaServiceWSClientImpl,mainServiceImpl,externalProperties,org.springframework.context.support.PropertySourcesPlaceholderConfigurer#0,eaidb,jaxwsRegistroAuditoriaService,RegistroAuditoriaService,org.springframework.context.annotation.ConfigurationClassPostProcessor$ImportAwareBeanPostProcessor#0]; root of factory hierarchy
